<?xml version="1.0" encoding="UTF-8"?>
<!-- Generated by org.testng.reporters.JUnitXMLReporter -->
<testsuite hostname="Peichunde-MacBook-Pro.local" ignored="0" name="Test" tests="4" failures="1" timestamp="2019-11-18T21:47:12 EST" time="49.643" errors="0">
  <testcase name="negative" time="6.834" classname="TestDemo.NewTest">
    <failure type="java.lang.AssertionError" message="Amazon Registration expected:&amp;lt;Amazon Registration&amp;gt; but was:&amp;lt;Negative Case&amp;gt;">
      <![CDATA[java.lang.AssertionError: Amazon Registration expected:<Amazon Registration> but was:<Negative Case>
at TestDemo.NewTest.negative(NewTest.java:103)
at java.util.ArrayList.forEach(ArrayList.java:1257)
... Removed 28 stack frames]]>
    </failure>
  </testcase> <!-- negative -->
  <testcase name="positive" time="10.982" classname="TestDemo.NewTest"/>
  <testcase name="login" time="11.094" classname="TestDemo.NewTest"/>
  <testcase name="addItemsToCart" time="15.015" classname="TestDemo.NewTest"/>
</testsuite> <!-- Test -->
